<?xml version="1.0" encoding="UTF-8" ?>
<testsuite tests="240" failures="0" name="TestSuite" time="0.56" errors="0" skipped="0">
  <properties>
    <property name="java.runtime.name" value="OpenJDK Runtime Environment"/>
    <property name="java.vm.version" value="11.0.19+7-post-Ubuntu-0ubuntu122.04.1"/>
    <property name="sun.boot.library.path" value="/usr/lib/jvm/java-11-openjdk-amd64/lib"/>
    <property name="maven.multiModuleProjectDirectory" value="/home/mahima/Documents/Saurabh/logs/saurabh_logs/Brick-Game-9999-in-1"/>
    <property name="java.vm.vendor" value="Ubuntu"/>
    <property name="java.vendor.url" value="https://ubuntu.com/"/>
    <property name="guice.disable.misplaced.annotation.check" value="true"/>
    <property name="path.separator" value=":"/>
    <property name="java.vm.name" value="OpenJDK 64-Bit Server VM"/>
    <property name="sun.os.patch.level" value="unknown"/>
    <property name="user.country" value="IN"/>
    <property name="sun.java.launcher" value="SUN_STANDARD"/>
    <property name="java.vm.specification.name" value="Java Virtual Machine Specification"/>
    <property name="user.dir" value="/home/mahima/Documents/Saurabh/logs/saurabh_logs/Brick-Game-9999-in-1"/>
    <property name="java.vm.compressedOopsMode" value="Zero based"/>
    <property name="java.runtime.version" value="11.0.19+7-post-Ubuntu-0ubuntu122.04.1"/>
    <property name="java.awt.graphicsenv" value="sun.awt.X11GraphicsEnvironment"/>
    <property name="os.arch" value="amd64"/>
    <property name="java.io.tmpdir" value="/tmp"/>
    <property name="line.separator" value="
"/>
    <property name="java.vm.specification.vendor" value="Oracle Corporation"/>
    <property name="os.name" value="Linux"/>
    <property name="classworlds.conf" value="/usr/share/maven/bin/m2.conf"/>
    <property name="sun.jnu.encoding" value="UTF-8"/>
    <property name="java.library.path" value="/usr/java/packages/lib:/usr/lib/x86_64-linux-gnu/jni:/lib/x86_64-linux-gnu:/usr/lib/x86_64-linux-gnu:/usr/lib/jni:/lib:/usr/lib"/>
    <property name="maven.conf" value="/usr/share/maven/conf"/>
    <property name="jdk.debug" value="release"/>
    <property name="java.class.version" value="55.0"/>
    <property name="java.specification.name" value="Java Platform API Specification"/>
    <property name="sun.management.compiler" value="HotSpot 64-Bit Tiered Compilers"/>
    <property name="os.version" value="5.19.0-42-generic"/>
    <property name="library.jansi.path" value="/usr/share/maven/lib/jansi-native"/>
    <property name="user.home" value="/root"/>
    <property name="user.timezone" value="Asia/Kolkata"/>
    <property name="java.awt.printerjob" value="sun.print.PSPrinterJob"/>
    <property name="file.encoding" value="UTF-8"/>
    <property name="java.specification.version" value="11"/>
    <property name="user.name" value="root"/>
    <property name="java.class.path" value="/usr/share/maven/boot/plexus-classworlds-2.x.jar"/>
    <property name="java.vm.specification.version" value="11"/>
    <property name="sun.arch.data.model" value="64"/>
    <property name="sun.java.command" value="org.codehaus.plexus.classworlds.launcher.Launcher clean package"/>
    <property name="java.home" value="/usr/lib/jvm/java-11-openjdk-amd64"/>
    <property name="user.language" value="en"/>
    <property name="java.specification.vendor" value="Oracle Corporation"/>
    <property name="awt.toolkit" value="sun.awt.X11.XToolkit"/>
    <property name="java.vm.info" value="mixed mode, sharing"/>
    <property name="java.version" value="11.0.19"/>
    <property name="java.vendor" value="Ubuntu"/>
    <property name="maven.home" value="/usr/share/maven"/>
    <property name="file.separator" value="/"/>
    <property name="java.version.date" value="2023-04-18"/>
    <property name="java.vendor.url.bug" value="https://bugs.launchpad.net/ubuntu/+source/openjdk-lts"/>
    <property name="sun.io.unicode.encoding" value="UnicodeLittle"/>
    <property name="sun.cpu.endian" value="little"/>
    <property name="sun.desktop" value="gnome"/>
    <property name="sun.cpu.isalist" value=""/>
  </properties>
  <testcase classname="com.github.vitalibo.brickgame.game.tetris.BoardTest" name="testAdd" time="0.011"/>
  <testcase classname="com.github.vitalibo.brickgame.game.tetris.BoardTest" name="testCleanUp" time="0.003"/>
  <testcase classname="com.github.vitalibo.brickgame.game.tetris.BoardTest" name="testInit" time="0.002"/>
  <testcase classname="com.github.vitalibo.brickgame.game.tetris.BoardTest" name="testInit" time="0.001"/>
  <testcase classname="com.github.vitalibo.brickgame.game.tetris.BoardTest" name="testInit" time="0"/>
  <testcase classname="com.github.vitalibo.brickgame.game.tetris.BoardTest" name="testInit" time="0"/>
  <testcase classname="com.github.vitalibo.brickgame.game.tetris.BoardTest" name="testIsFull" time="0.001"/>
  <testcase classname="com.github.vitalibo.brickgame.game.tetris.BoardTest" name="testVerify" time="0.001"/>
  <testcase classname="com.github.vitalibo.brickgame.util.BooleanCollectorTest" name="testToArray" time="0"/>
  <testcase classname="com.github.vitalibo.brickgame.util.BooleanCollectorTest" name="testToTwoDimensionalArray" time="0.001"/>
  <testcase classname="com.github.vitalibo.brickgame.core.ui.BrickPanelTest" name="testBrickSize" time="0"/>
  <testcase classname="com.github.vitalibo.brickgame.core.ui.BrickPanelTest" name="testDraw" time="0.004"/>
  <testcase classname="com.github.vitalibo.brickgame.core.ui.BrickPanelTest" name="testDraw" time="0.001"/>
  <testcase classname="com.github.vitalibo.brickgame.core.ui.BrickPanelTest" name="testDraw" time="0"/>
  <testcase classname="com.github.vitalibo.brickgame.core.ui.BrickPanelTest" name="testDraw" time="0.001"/>
  <testcase classname="com.github.vitalibo.brickgame.core.ui.BrickPanelTest" name="testDraw" time="0.001"/>
  <testcase classname="com.github.vitalibo.brickgame.core.ui.BrickPanelTest" name="testDraw" time="0"/>
  <testcase classname="com.github.vitalibo.brickgame.core.ui.BrickPanelTest" name="testDraw" time="0"/>
  <testcase classname="com.github.vitalibo.brickgame.core.ui.BrickPanelTest" name="testDraw" time="0"/>
  <testcase classname="com.github.vitalibo.brickgame.core.ui.BrickPanelTest" name="testDraw" time="0.001"/>
  <testcase classname="com.github.vitalibo.brickgame.core.ui.BrickPanelTest" name="testDraw" time="0.001"/>
  <testcase classname="com.github.vitalibo.brickgame.core.ui.BrickPanelTest" name="testDraw" time="0"/>
  <testcase classname="com.github.vitalibo.brickgame.core.ui.BrickPanelTest" name="testDraw" time="0"/>
  <testcase classname="com.github.vitalibo.brickgame.core.ui.BrickPanelTest" name="testDraw" time="0.001"/>
  <testcase classname="com.github.vitalibo.brickgame.core.ui.BrickPanelTest" name="testDraw" time="0"/>
  <testcase classname="com.github.vitalibo.brickgame.core.ui.BrickPanelTest" name="testDraw" time="0"/>
  <testcase classname="com.github.vitalibo.brickgame.core.ui.BrickPanelTest" name="testDraw" time="0.001"/>
  <testcase classname="com.github.vitalibo.brickgame.core.ui.BrickPanelTest" name="testDraw" time="0"/>
  <testcase classname="com.github.vitalibo.brickgame.core.ui.BrickPanelTest" name="testDraw" time="0.001"/>
  <testcase classname="com.github.vitalibo.brickgame.core.ui.BrickPanelTest" name="testDraw" time="0"/>
  <testcase classname="com.github.vitalibo.brickgame.core.ui.BrickPanelTest" name="testDraw" time="0"/>
  <testcase classname="com.github.vitalibo.brickgame.core.ui.BrickPanelTest" name="testDraw" time="0"/>
  <testcase classname="com.github.vitalibo.brickgame.core.ui.BrickPanelTest" name="testDraw" time="0"/>
  <testcase classname="com.github.vitalibo.brickgame.core.ui.BrickPanelTest" name="testDraw" time="0"/>
  <testcase classname="com.github.vitalibo.brickgame.core.ui.BrickPanelTest" name="testDraw" time="0"/>
  <testcase classname="com.github.vitalibo.brickgame.core.ui.BrickPanelTest" name="testDraw" time="0"/>
  <testcase classname="com.github.vitalibo.brickgame.core.ui.BrickPanelTest" name="testDraw" time="0"/>
  <testcase classname="com.github.vitalibo.brickgame.core.ui.BrickPanelTest" name="testDraw" time="0"/>
  <testcase classname="com.github.vitalibo.brickgame.core.ui.BrickPanelTest" name="testDraw" time="0"/>
  <testcase classname="com.github.vitalibo.brickgame.core.ui.BrickPanelTest" name="testDraw" time="0"/>
  <testcase classname="com.github.vitalibo.brickgame.core.ui.BrickPanelTest" name="testDraw" time="0"/>
  <testcase classname="com.github.vitalibo.brickgame.core.ui.BrickPanelTest" name="testDraw" time="0"/>
  <testcase classname="com.github.vitalibo.brickgame.core.ui.BrickPanelTest" name="testDraw" time="0.001"/>
  <testcase classname="com.github.vitalibo.brickgame.core.ui.BrickPanelTest" name="testDraw" time="0.001"/>
  <testcase classname="com.github.vitalibo.brickgame.core.ui.BrickPanelTest" name="testDraw" time="0"/>
  <testcase classname="com.github.vitalibo.brickgame.core.ui.BrickPanelTest" name="testDraw" time="0"/>
  <testcase classname="com.github.vitalibo.brickgame.core.ui.BrickPanelTest" name="testDraw" time="0"/>
  <testcase classname="com.github.vitalibo.brickgame.core.ui.BrickPanelTest" name="testDraw" time="0"/>
  <testcase classname="com.github.vitalibo.brickgame.core.ui.BrickPanelTest" name="testDraw" time="0.001"/>
  <testcase classname="com.github.vitalibo.brickgame.core.ui.BrickPanelTest" name="testDraw" time="0"/>
  <testcase classname="com.github.vitalibo.brickgame.core.ui.BrickPanelTest" name="testDraw" time="0"/>
  <testcase classname="com.github.vitalibo.brickgame.core.ui.BrickPanelTest" name="testDraw" time="0"/>
  <testcase classname="com.github.vitalibo.brickgame.core.ui.BrickPanelTest" name="testDraw" time="0"/>
  <testcase classname="com.github.vitalibo.brickgame.core.ui.BrickPanelTest" name="testDraw" time="0.001"/>
  <testcase classname="com.github.vitalibo.brickgame.core.ui.BrickPanelTest" name="testDraw" time="0"/>
  <testcase classname="com.github.vitalibo.brickgame.core.ui.BrickPanelTest" name="testDraw" time="0"/>
  <testcase classname="com.github.vitalibo.brickgame.core.ui.BrickPanelTest" name="testDraw" time="0"/>
  <testcase classname="com.github.vitalibo.brickgame.core.ui.BrickPanelTest" name="testDraw" time="0"/>
  <testcase classname="com.github.vitalibo.brickgame.core.ui.BrickPanelTest" name="testDraw" time="0"/>
  <testcase classname="com.github.vitalibo.brickgame.core.ui.BrickPanelTest" name="testDraw" time="0"/>
  <testcase classname="com.github.vitalibo.brickgame.core.ui.BrickPanelTest" name="testDraw" time="0"/>
  <testcase classname="com.github.vitalibo.brickgame.core.ui.BrickTest" name="testNotRepaint" time="0.004"/>
  <testcase classname="com.github.vitalibo.brickgame.core.ui.BrickTest" name="testPaintState" time="0.056"/>
  <testcase classname="com.github.vitalibo.brickgame.core.ui.BrickTest" name="testPaintState" time="0.001"/>
  <testcase classname="com.github.vitalibo.brickgame.core.ui.BrickTest" name="testRepaint" time="0"/>
  <testcase classname="com.github.vitalibo.brickgame.util.BuilderTest" name="testMap" time="0.001"/>
  <testcase classname="com.github.vitalibo.brickgame.util.BuilderTest" name="testWith" time="0.001"/>
  <testcase classname="com.github.vitalibo.brickgame.util.CanvasTranslatorTest" name="testFrom" time="0.001"/>
  <testcase classname="com.github.vitalibo.brickgame.util.CanvasTranslatorTest" name="testFromStream" time="0.002"/>
  <testcase classname="com.github.vitalibo.brickgame.util.CanvasTranslatorTest" name="testFromStream" time="0"/>
  <testcase classname="com.github.vitalibo.brickgame.util.CanvasTranslatorTest" name="testFromStream" time="0"/>
  <testcase classname="com.github.vitalibo.brickgame.game.race.CarTest" name="testCarCrashed" time="0.001"/>
  <testcase classname="com.github.vitalibo.brickgame.game.race.CarTest" name="testDown" time="0.001"/>
  <testcase classname="com.github.vitalibo.brickgame.game.race.CarTest" name="testLeft" time="0"/>
  <testcase classname="com.github.vitalibo.brickgame.game.race.CarTest" name="testRight" time="0.001"/>
  <testcase classname="com.github.vitalibo.brickgame.game.race.CarTest" name="testVerifyPassed" time="0"/>
  <testcase classname="com.github.vitalibo.brickgame.core.ControllerTest" name="testChangePause" time="0.002"/>
  <testcase classname="com.github.vitalibo.brickgame.core.ControllerTest" name="testChangeSound" time="0"/>
  <testcase classname="com.github.vitalibo.brickgame.core.ControllerTest" name="testDelegateKeyPressed" time="0"/>
  <testcase classname="com.github.vitalibo.brickgame.core.ControllerTest" name="testDelegateKeyPressed" time="0"/>
  <testcase classname="com.github.vitalibo.brickgame.core.ControllerTest" name="testDelegateKeyPressed" time="0"/>
  <testcase classname="com.github.vitalibo.brickgame.core.ControllerTest" name="testDelegateKeyPressed" time="0"/>
  <testcase classname="com.github.vitalibo.brickgame.core.ControllerTest" name="testDelegateKeyPressed" time="0"/>
  <testcase classname="com.github.vitalibo.brickgame.core.ControllerTest" name="testNotDelegateKeyPressed" time="0"/>
  <testcase classname="com.github.vitalibo.brickgame.core.ControllerTest" name="testNotDelegateKeyPressed" time="0.001"/>
  <testcase classname="com.github.vitalibo.brickgame.core.ControllerTest" name="testNotDelegateKeyPressed" time="0"/>
  <testcase classname="com.github.vitalibo.brickgame.core.ControllerTest" name="testNotDelegateKeyPressed" time="0"/>
  <testcase classname="com.github.vitalibo.brickgame.core.ControllerTest" name="testNotDelegateKeyPressed" time="0"/>
  <testcase classname="com.github.vitalibo.brickgame.core.ControllerTest" name="testReset" time="0.004"/>
  <testcase classname="com.github.vitalibo.brickgame.core.CountdownJobTest" name="testCountdown" time="0.101"/>
  <testcase classname="com.github.vitalibo.brickgame.core.ui.DigitTest" name="testNotRepaint" time="0"/>
  <testcase classname="com.github.vitalibo.brickgame.core.ui.DigitTest" name="testPaintDigit" time="0.065"/>
  <testcase classname="com.github.vitalibo.brickgame.core.ui.DigitTest" name="testPaintDigit" time="0"/>
  <testcase classname="com.github.vitalibo.brickgame.core.ui.DigitTest" name="testPaintDigit" time="0"/>
  <testcase classname="com.github.vitalibo.brickgame.core.ui.DigitTest" name="testPaintDigit" time="0"/>
  <testcase classname="com.github.vitalibo.brickgame.core.ui.DigitTest" name="testPaintDigit" time="0"/>
  <testcase classname="com.github.vitalibo.brickgame.core.ui.DigitTest" name="testPaintDigit" time="0"/>
  <testcase classname="com.github.vitalibo.brickgame.core.ui.DigitTest" name="testPaintDigit" time="0.001"/>
  <testcase classname="com.github.vitalibo.brickgame.core.ui.DigitTest" name="testPaintDigit" time="0"/>
  <testcase classname="com.github.vitalibo.brickgame.core.ui.DigitTest" name="testPaintDigit" time="0"/>
  <testcase classname="com.github.vitalibo.brickgame.core.ui.DigitTest" name="testPaintDigit" time="0"/>
  <testcase classname="com.github.vitalibo.brickgame.core.ui.DigitTest" name="testRepaint" time="0"/>
  <testcase classname="com.github.vitalibo.brickgame.core.ui.DigitTest" name="testRepaint" time="0"/>
  <testcase classname="com.github.vitalibo.brickgame.core.ui.DigitTest" name="testRepaint" time="0.001"/>
  <testcase classname="com.github.vitalibo.brickgame.core.ui.DigitTest" name="testRepaint" time="0"/>
  <testcase classname="com.github.vitalibo.brickgame.core.ui.DigitTest" name="testRepaint" time="0"/>
  <testcase classname="com.github.vitalibo.brickgame.core.ui.DigitTest" name="testRepaint" time="0"/>
  <testcase classname="com.github.vitalibo.brickgame.core.ui.DigitTest" name="testRepaint" time="0"/>
  <testcase classname="com.github.vitalibo.brickgame.core.ui.DigitTest" name="testRepaint" time="0"/>
  <testcase classname="com.github.vitalibo.brickgame.core.ui.DigitTest" name="testRepaint" time="0.001"/>
  <testcase classname="com.github.vitalibo.brickgame.core.ui.DigitTest" name="testRepaint" time="0"/>
  <testcase classname="com.github.vitalibo.brickgame.core.ui.DigitTest" name="testSetIllegalValue" time="0.001"/>
  <testcase classname="com.github.vitalibo.brickgame.core.ui.DigitTest" name="testSetIllegalValue" time="0"/>
  <testcase classname="com.github.vitalibo.brickgame.game.snake.DirectionTest" name="testReverse" time="0"/>
  <testcase classname="com.github.vitalibo.brickgame.game.snake.DirectionTest" name="testReverse" time="0"/>
  <testcase classname="com.github.vitalibo.brickgame.game.snake.DirectionTest" name="testReverse" time="0"/>
  <testcase classname="com.github.vitalibo.brickgame.game.snake.DirectionTest" name="testReverse" time="0"/>
  <testcase classname="com.github.vitalibo.brickgame.game.snake.DirectionTest" name="testReverse" time="0"/>
  <testcase classname="com.github.vitalibo.brickgame.game.tetris.tetromino.FactoryTest" name="testCreate" time="0"/>
  <testcase classname="com.github.vitalibo.brickgame.game.tetris.tetromino.FactoryTest" name="testCreate" time="0.001"/>
  <testcase classname="com.github.vitalibo.brickgame.game.tetris.tetromino.FactoryTest" name="testCreate" time="0"/>
  <testcase classname="com.github.vitalibo.brickgame.game.tetris.tetromino.FactoryTest" name="testCreate" time="0"/>
  <testcase classname="com.github.vitalibo.brickgame.game.tetris.tetromino.FactoryTest" name="testCreate" time="0"/>
  <testcase classname="com.github.vitalibo.brickgame.game.tetris.tetromino.FactoryTest" name="testCreate" time="0.001"/>
  <testcase classname="com.github.vitalibo.brickgame.game.tetris.tetromino.FactoryTest" name="testCreate" time="0"/>
  <testcase classname="com.github.vitalibo.brickgame.game.tetris.tetromino.FactoryTest" name="testGenerate" time="0"/>
  <testcase classname="com.github.vitalibo.brickgame.game.tetris.tetromino.FactoryTest" name="testGenerate" time="0"/>
  <testcase classname="com.github.vitalibo.brickgame.game.tetris.tetromino.FactoryTest" name="testGenerate" time="0"/>
  <testcase classname="com.github.vitalibo.brickgame.game.tetris.tetromino.FactoryTest" name="testGenerate" time="0"/>
  <testcase classname="com.github.vitalibo.brickgame.game.tetris.tetromino.FactoryTest" name="testGenerate" time="0"/>
  <testcase classname="com.github.vitalibo.brickgame.game.tetris.tetromino.FactoryTest" name="testGenerate" time="0"/>
  <testcase classname="com.github.vitalibo.brickgame.game.tetris.tetromino.FactoryTest" name="testGenerate" time="0"/>
  <testcase classname="com.github.vitalibo.brickgame.core.ui.IconPanelTest" name="testNotRepaint" time="0.001"/>
  <testcase classname="com.github.vitalibo.brickgame.core.ui.IconPanelTest" name="testNotRepaint" time="0"/>
  <testcase classname="com.github.vitalibo.brickgame.core.ui.IconPanelTest" name="testRepaint" time="0.001"/>
  <testcase classname="com.github.vitalibo.brickgame.core.ui.IconPanelTest" name="testRepaint" time="0"/>
  <testcase classname="com.github.vitalibo.brickgame.core.JobTest" name="testKill" time="0.05"/>
  <testcase classname="com.github.vitalibo.brickgame.core.JobTest" name="testPause" time="0.101"/>
  <testcase classname="com.github.vitalibo.brickgame.core.KernelTest" name="testJob" time="0.101"/>
  <testcase classname="com.github.vitalibo.brickgame.game.LifeTest" name="cleanUp" time="0"/>
  <testcase classname="com.github.vitalibo.brickgame.game.LifeTest" name="testNotRepaint" time="0"/>
  <testcase classname="com.github.vitalibo.brickgame.game.LifeTest" name="testRepaint" time="0.001"/>
  <testcase classname="com.github.vitalibo.brickgame.game.LifeTest" name="testRepaint" time="0"/>
  <testcase classname="com.github.vitalibo.brickgame.game.LifeTest" name="testRepaint" time="0.001"/>
  <testcase classname="com.github.vitalibo.brickgame.game.LifeTest" name="testRepaint" time="0"/>
  <testcase classname="com.github.vitalibo.brickgame.game.LifeTest" name="testRepaint" time="0"/>
  <testcase classname="com.github.vitalibo.brickgame.game.snake.MapTest" name="testCrashOnBorder" time="0.001"/>
  <testcase classname="com.github.vitalibo.brickgame.game.snake.MapTest" name="testCrashOnBorder" time="0"/>
  <testcase classname="com.github.vitalibo.brickgame.game.snake.MapTest" name="testCrashOnBorder" time="0"/>
  <testcase classname="com.github.vitalibo.brickgame.game.snake.MapTest" name="testCrashOnBorder" time="0"/>
  <testcase classname="com.github.vitalibo.brickgame.game.snake.MapTest" name="testLoadingMap" time="0"/>
  <testcase classname="com.github.vitalibo.brickgame.game.snake.MapTest" name="testLoadingMap" time="0"/>
  <testcase classname="com.github.vitalibo.brickgame.game.snake.MapTest" name="testLoadingMap" time="0"/>
  <testcase classname="com.github.vitalibo.brickgame.game.snake.MapTest" name="testLoadingMap" time="0"/>
  <testcase classname="com.github.vitalibo.brickgame.game.snake.MapTest" name="testLoadingMap" time="0"/>
  <testcase classname="com.github.vitalibo.brickgame.game.snake.MapTest" name="testLoadingMap" time="0"/>
  <testcase classname="com.github.vitalibo.brickgame.game.snake.MapTest" name="testLoadingMap" time="0.001"/>
  <testcase classname="com.github.vitalibo.brickgame.game.snake.MapTest" name="testLoadingMap" time="0.001"/>
  <testcase classname="com.github.vitalibo.brickgame.game.snake.MapTest" name="testLoadingMap" time="0.001"/>
  <testcase classname="com.github.vitalibo.brickgame.game.snake.MapTest" name="testLoadingMap" time="0"/>
  <testcase classname="com.github.vitalibo.brickgame.game.snake.MapTest" name="testLoadingMap" time="0"/>
  <testcase classname="com.github.vitalibo.brickgame.game.snake.MapTest" name="testLoadingMap" time="0"/>
  <testcase classname="com.github.vitalibo.brickgame.game.snake.MapTest" name="testLoadingMap" time="0"/>
  <testcase classname="com.github.vitalibo.brickgame.game.snake.MapTest" name="testLoadingMap" time="0.001"/>
  <testcase classname="com.github.vitalibo.brickgame.game.snake.MapTest" name="testLoadingMap" time="0"/>
  <testcase classname="com.github.vitalibo.brickgame.game.snake.MapTest" name="testLoadingMap" time="0"/>
  <testcase classname="com.github.vitalibo.brickgame.game.snake.MapTest" name="testUnmodifiableList" time="0"/>
  <testcase classname="com.github.vitalibo.brickgame.game.snake.MapTest" name="testVerifyPassed" time="0"/>
  <testcase classname="com.github.vitalibo.brickgame.game.snake.MapTest" name="testVerifyPassed" time="0"/>
  <testcase classname="com.github.vitalibo.brickgame.game.snake.MapTest" name="testVerifyPassed" time="0"/>
  <testcase classname="com.github.vitalibo.brickgame.game.snake.MapTest" name="testVerifyPassed" time="0"/>
  <testcase classname="com.github.vitalibo.brickgame.game.snake.MouseTest" name="testEatMouse" time="0.001"/>
  <testcase classname="com.github.vitalibo.brickgame.game.snake.MouseTest" name="testNextPoint" time="0"/>
  <testcase classname="com.github.vitalibo.brickgame.game.snake.MouseTest" name="testNextPoint" time="0"/>
  <testcase classname="com.github.vitalibo.brickgame.game.snake.MouseTest" name="testNextPoint" time="0.001"/>
  <testcase classname="com.github.vitalibo.brickgame.game.snake.MouseTest" name="testNextPoint" time="0"/>
  <testcase classname="com.github.vitalibo.brickgame.game.snake.MouseTest" name="testNextPoint" time="0"/>
  <testcase classname="com.github.vitalibo.brickgame.game.snake.MouseTest" name="testNextPoint" time="0"/>
  <testcase classname="com.github.vitalibo.brickgame.game.snake.MouseTest" name="testNextPoint" time="0"/>
  <testcase classname="com.github.vitalibo.brickgame.game.snake.MouseTest" name="testNextPoint" time="0.001"/>
  <testcase classname="com.github.vitalibo.brickgame.game.snake.MouseTest" name="testNextPoint" time="0"/>
  <testcase classname="com.github.vitalibo.brickgame.game.snake.MouseTest" name="testNextPoint" time="0.001"/>
  <testcase classname="com.github.vitalibo.brickgame.game.snake.MouseTest" name="testNextPoint" time="0"/>
  <testcase classname="com.github.vitalibo.brickgame.game.snake.MouseTest" name="testNextPoint" time="0"/>
  <testcase classname="com.github.vitalibo.brickgame.game.snake.MouseTest" name="testNextPoint" time="0"/>
  <testcase classname="com.github.vitalibo.brickgame.game.snake.MouseTest" name="testNextPoint" time="0"/>
  <testcase classname="com.github.vitalibo.brickgame.game.snake.MouseTest" name="testNextPoint" time="0"/>
  <testcase classname="com.github.vitalibo.brickgame.game.snake.MouseTest" name="testNextPoint" time="0"/>
  <testcase classname="com.github.vitalibo.brickgame.game.snake.MouseTest" name="testNextPoint" time="0.001"/>
  <testcase classname="com.github.vitalibo.brickgame.game.snake.MouseTest" name="testNextPoint" time="0"/>
  <testcase classname="com.github.vitalibo.brickgame.game.snake.MouseTest" name="testNextPoint" time="0"/>
  <testcase classname="com.github.vitalibo.brickgame.game.snake.MouseTest" name="testNextPoint" time="0"/>
  <testcase classname="com.github.vitalibo.brickgame.game.snake.MouseTest" name="testStream" time="0"/>
  <testcase classname="com.github.vitalibo.brickgame.core.ui.NumberPanelTest" name="testDigitSequence" time="0.002"/>
  <testcase classname="com.github.vitalibo.brickgame.core.ui.NumberPanelTest" name="testDigitSequence" time="0.001"/>
  <testcase classname="com.github.vitalibo.brickgame.core.ui.NumberPanelTest" name="testDigitSequence" time="0"/>
  <testcase classname="com.github.vitalibo.brickgame.core.ui.NumberPanelTest" name="testOverflowValue" time="0"/>
  <testcase classname="com.github.vitalibo.brickgame.core.ui.NumberPanelTest" name="testOverflowValue" time="0"/>
  <testcase classname="com.github.vitalibo.brickgame.core.ui.NumberPanelTest" name="testOverflowValue" time="0.001"/>
  <testcase classname="com.github.vitalibo.brickgame.core.ui.NumberPanelTest" name="testOverflowValue" time="0"/>
  <testcase classname="com.github.vitalibo.brickgame.core.ui.NumberPanelTest" name="testSetIllegalValue" time="0"/>
  <testcase classname="com.github.vitalibo.brickgame.core.NumberTest" name="testDec" time="0.001"/>
  <testcase classname="com.github.vitalibo.brickgame.core.NumberTest" name="testDec" time="0"/>
  <testcase classname="com.github.vitalibo.brickgame.core.NumberTest" name="testDec" time="0"/>
  <testcase classname="com.github.vitalibo.brickgame.core.NumberTest" name="testDecStep" time="0"/>
  <testcase classname="com.github.vitalibo.brickgame.core.NumberTest" name="testDecStep" time="0"/>
  <testcase classname="com.github.vitalibo.brickgame.core.NumberTest" name="testDecStep" time="0"/>
  <testcase classname="com.github.vitalibo.brickgame.core.NumberTest" name="testDecStep" time="0"/>
  <testcase classname="com.github.vitalibo.brickgame.core.NumberTest" name="testInc" time="0"/>
  <testcase classname="com.github.vitalibo.brickgame.core.NumberTest" name="testInc" time="0"/>
  <testcase classname="com.github.vitalibo.brickgame.core.NumberTest" name="testInc" time="0"/>
  <testcase classname="com.github.vitalibo.brickgame.core.NumberTest" name="testIncStep" time="0"/>
  <testcase classname="com.github.vitalibo.brickgame.core.NumberTest" name="testIncStep" time="0"/>
  <testcase classname="com.github.vitalibo.brickgame.core.NumberTest" name="testIncStep" time="0"/>
  <testcase classname="com.github.vitalibo.brickgame.core.NumberTest" name="testIncStep" time="0"/>
  <testcase classname="com.github.vitalibo.brickgame.game.PointTest" name="testMoveDown" time="0"/>
  <testcase classname="com.github.vitalibo.brickgame.game.PointTest" name="testMoveDown" time="0"/>
  <testcase classname="com.github.vitalibo.brickgame.game.PointTest" name="testMoveLeft" time="0"/>
  <testcase classname="com.github.vitalibo.brickgame.game.PointTest" name="testMoveLeft" time="0"/>
  <testcase classname="com.github.vitalibo.brickgame.game.PointTest" name="testMoveRight" time="0"/>
  <testcase classname="com.github.vitalibo.brickgame.game.PointTest" name="testMoveRight" time="0"/>
  <testcase classname="com.github.vitalibo.brickgame.game.PointTest" name="testMoveUp" time="0"/>
  <testcase classname="com.github.vitalibo.brickgame.game.PointTest" name="testMoveUp" time="0"/>
  <testcase classname="com.github.vitalibo.brickgame.game.PointTest" name="testVerifyFailed" time="0"/>
  <testcase classname="com.github.vitalibo.brickgame.game.PointTest" name="testVerifyFailed" time="0"/>
  <testcase classname="com.github.vitalibo.brickgame.game.PointTest" name="testVerifyFailed" time="0.001"/>
  <testcase classname="com.github.vitalibo.brickgame.game.PointTest" name="testVerifyFailed" time="0"/>
  <testcase classname="com.github.vitalibo.brickgame.game.PointTest" name="testVerifyPassed" time="0"/>
  <testcase classname="com.github.vitalibo.brickgame.game.PointTest" name="testVerifyPassed" time="0"/>
  <testcase classname="com.github.vitalibo.brickgame.game.race.RoadTest" name="testDown" time="0"/>
  <testcase classname="com.github.vitalibo.brickgame.game.ShapeTest" name="testShapeEquals" time="0"/>
  <testcase classname="com.github.vitalibo.brickgame.game.ShapeTest" name="testShapeEquals" time="0.001"/>
  <testcase classname="com.github.vitalibo.brickgame.game.snake.SnakeTest" name="testEatSelf" time="0.001"/>
  <testcase classname="com.github.vitalibo.brickgame.game.snake.SnakeTest" name="testEatSelf" time="0"/>
  <testcase classname="com.github.vitalibo.brickgame.game.snake.SnakeTest" name="testHead" time="0.001"/>
  <testcase classname="com.github.vitalibo.brickgame.game.snake.SnakeTest" name="testInit" time="0"/>
  <testcase classname="com.github.vitalibo.brickgame.game.snake.SnakeTest" name="testVerifyPassed" time="0"/>
  <testcase classname="com.github.vitalibo.brickgame.game.snake.SnakeTest" name="testVerifyPassed" time="0"/>
  <testcase classname="com.github.vitalibo.brickgame.core.StateTest" name="testChangeState" time="0.001"/>
  <testcase classname="com.github.vitalibo.brickgame.core.StateTest" name="testChangeState" time="0"/>
</testsuite>