<?xml version="1.0" encoding="UTF-8"?>
<!-- Generated by org.testng.reporters.JUnitReportReporter -->
<testsuite hostname="saurabh-apprication" failures="0" tests="8" name="com.github.vitalibo.brickgame.core.ui.NumberPanelTest" time="0.004" errors="0" timestamp="21 Mar 2024 06:09:31 GMT">
  <testcase classname="com.github.vitalibo.brickgame.core.ui.NumberPanelTest" name="testOverflowValue" time="0.000"/>
  <testcase classname="com.github.vitalibo.brickgame.core.ui.NumberPanelTest" name="testSetIllegalValue" time="0.000"/>
  <testcase classname="com.github.vitalibo.brickgame.core.ui.NumberPanelTest" name="testDigitSequence" time="0.000"/>
  <testcase classname="com.github.vitalibo.brickgame.core.ui.NumberPanelTest" name="testDigitSequence" time="0.002"/>
  <testcase classname="com.github.vitalibo.brickgame.core.ui.NumberPanelTest" name="testDigitSequence" time="0.001"/>
  <testcase classname="com.github.vitalibo.brickgame.core.ui.NumberPanelTest" name="testOverflowValue" time="0.000"/>
  <testcase classname="com.github.vitalibo.brickgame.core.ui.NumberPanelTest" name="testOverflowValue" time="0.001"/>
  <testcase classname="com.github.vitalibo.brickgame.core.ui.NumberPanelTest" name="testOverflowValue" time="0.000"/>
</testsuite> <!-- com.github.vitalibo.brickgame.core.ui.NumberPanelTest -->
