<?xml version="1.0" encoding="UTF-8"?>
<!-- Generated by org.testng.reporters.JUnitReportReporter -->
<testsuite hostname="saurabh-apprication" failures="0" tests="8" name="com.github.vitalibo.brickgame.game.tetris.BoardTest" time="0.025" errors="0" timestamp="21 Mar 2024 06:09:31 GMT">
  <testcase classname="com.github.vitalibo.brickgame.game.tetris.BoardTest" name="testInit" time="0.001"/>
  <testcase classname="com.github.vitalibo.brickgame.game.tetris.BoardTest" name="testVerify" time="0.001"/>
  <testcase classname="com.github.vitalibo.brickgame.game.tetris.BoardTest" name="testInit" time="0.001"/>
  <testcase classname="com.github.vitalibo.brickgame.game.tetris.BoardTest" name="testIsFull" time="0.001"/>
  <testcase classname="com.github.vitalibo.brickgame.game.tetris.BoardTest" name="testCleanUp" time="0.005"/>
  <testcase classname="com.github.vitalibo.brickgame.game.tetris.BoardTest" name="testInit" time="0.000"/>
  <testcase classname="com.github.vitalibo.brickgame.game.tetris.BoardTest" name="testInit" time="0.006"/>
  <testcase classname="com.github.vitalibo.brickgame.game.tetris.BoardTest" name="testAdd" time="0.010"/>
</testsuite> <!-- com.github.vitalibo.brickgame.game.tetris.BoardTest -->
