<?xml version="1.0" encoding="UTF-8"?>
<!-- Generated by org.testng.reporters.JUnitReportReporter -->
<testsuite hostname="saurabh-apprication" failures="0" tests="4" name="com.github.vitalibo.brickgame.core.ui.IconPanelTest" time="0.005" errors="0" timestamp="21 Mar 2024 06:09:31 GMT">
  <testcase classname="com.github.vitalibo.brickgame.core.ui.IconPanelTest" name="testNotRepaint" time="0.001"/>
  <testcase classname="com.github.vitalibo.brickgame.core.ui.IconPanelTest" name="testRepaint" time="0.002"/>
  <testcase classname="com.github.vitalibo.brickgame.core.ui.IconPanelTest" name="testRepaint" time="0.001"/>
  <testcase classname="com.github.vitalibo.brickgame.core.ui.IconPanelTest" name="testNotRepaint" time="0.001"/>
</testsuite> <!-- com.github.vitalibo.brickgame.core.ui.IconPanelTest -->
