<?xml version="1.0" encoding="UTF-8"?>
<!-- Generated by org.testng.reporters.JUnitReportReporter -->
<testsuite hostname="saurabh-apprication" failures="0" tests="22" name="com.github.vitalibo.brickgame.game.snake.MouseTest" time="0.006" errors="0" timestamp="21 Mar 2024 06:09:31 GMT">
  <testcase classname="com.github.vitalibo.brickgame.game.snake.MouseTest" name="testNextPoint" time="0.001"/>
  <testcase classname="com.github.vitalibo.brickgame.game.snake.MouseTest" name="testNextPoint" time="0.000"/>
  <testcase classname="com.github.vitalibo.brickgame.game.snake.MouseTest" name="testNextPoint" time="0.000"/>
  <testcase classname="com.github.vitalibo.brickgame.game.snake.MouseTest" name="testNextPoint" time="0.000"/>
  <testcase classname="com.github.vitalibo.brickgame.game.snake.MouseTest" name="testNextPoint" time="0.000"/>
  <testcase classname="com.github.vitalibo.brickgame.game.snake.MouseTest" name="testNextPoint" time="0.000"/>
  <testcase classname="com.github.vitalibo.brickgame.game.snake.MouseTest" name="testNextPoint" time="0.000"/>
  <testcase classname="com.github.vitalibo.brickgame.game.snake.MouseTest" name="testStream" time="0.000"/>
  <testcase classname="com.github.vitalibo.brickgame.game.snake.MouseTest" name="testNextPoint" time="0.000"/>
  <testcase classname="com.github.vitalibo.brickgame.game.snake.MouseTest" name="testEatMouse" time="0.001"/>
  <testcase classname="com.github.vitalibo.brickgame.game.snake.MouseTest" name="testNextPoint" time="0.000"/>
  <testcase classname="com.github.vitalibo.brickgame.game.snake.MouseTest" name="testNextPoint" time="0.000"/>
  <testcase classname="com.github.vitalibo.brickgame.game.snake.MouseTest" name="testNextPoint" time="0.000"/>
  <testcase classname="com.github.vitalibo.brickgame.game.snake.MouseTest" name="testNextPoint" time="0.001"/>
  <testcase classname="com.github.vitalibo.brickgame.game.snake.MouseTest" name="testNextPoint" time="0.001"/>
  <testcase classname="com.github.vitalibo.brickgame.game.snake.MouseTest" name="testNextPoint" time="0.000"/>
  <testcase classname="com.github.vitalibo.brickgame.game.snake.MouseTest" name="testNextPoint" time="0.001"/>
  <testcase classname="com.github.vitalibo.brickgame.game.snake.MouseTest" name="testNextPoint" time="0.001"/>
  <testcase classname="com.github.vitalibo.brickgame.game.snake.MouseTest" name="testNextPoint" time="0.000"/>
  <testcase classname="com.github.vitalibo.brickgame.game.snake.MouseTest" name="testNextPoint" time="0.000"/>
  <testcase classname="com.github.vitalibo.brickgame.game.snake.MouseTest" name="testNextPoint" time="0.000"/>
  <testcase classname="com.github.vitalibo.brickgame.game.snake.MouseTest" name="testNextPoint" time="0.000"/>
</testsuite> <!-- com.github.vitalibo.brickgame.game.snake.MouseTest -->
