<?xml version="1.0" encoding="UTF-8"?>
<!-- Generated by org.testng.reporters.JUnitReportReporter -->
<testsuite hostname="saurabh-apprication" failures="0" tests="14" name="com.github.vitalibo.brickgame.core.NumberTest" time="0.002" errors="0" timestamp="21 Mar 2024 06:09:31 GMT">
  <testcase classname="com.github.vitalibo.brickgame.core.NumberTest" name="testDec" time="0.000"/>
  <testcase classname="com.github.vitalibo.brickgame.core.NumberTest" name="testInc" time="0.000"/>
  <testcase classname="com.github.vitalibo.brickgame.core.NumberTest" name="testIncStep" time="0.000"/>
  <testcase classname="com.github.vitalibo.brickgame.core.NumberTest" name="testDecStep" time="0.000"/>
  <testcase classname="com.github.vitalibo.brickgame.core.NumberTest" name="testDecStep" time="0.000"/>
  <testcase classname="com.github.vitalibo.brickgame.core.NumberTest" name="testIncStep" time="0.000"/>
  <testcase classname="com.github.vitalibo.brickgame.core.NumberTest" name="testDec" time="0.002"/>
  <testcase classname="com.github.vitalibo.brickgame.core.NumberTest" name="testIncStep" time="0.000"/>
  <testcase classname="com.github.vitalibo.brickgame.core.NumberTest" name="testDecStep" time="0.000"/>
  <testcase classname="com.github.vitalibo.brickgame.core.NumberTest" name="testInc" time="0.000"/>
  <testcase classname="com.github.vitalibo.brickgame.core.NumberTest" name="testDecStep" time="0.000"/>
  <testcase classname="com.github.vitalibo.brickgame.core.NumberTest" name="testIncStep" time="0.000"/>
  <testcase classname="com.github.vitalibo.brickgame.core.NumberTest" name="testInc" time="0.000"/>
  <testcase classname="com.github.vitalibo.brickgame.core.NumberTest" name="testDec" time="0.000"/>
</testsuite> <!-- com.github.vitalibo.brickgame.core.NumberTest -->
