<?xml version="1.0" encoding="UTF-8"?>
<!-- Generated by org.testng.reporters.JUnitReportReporter -->
<testsuite hostname="saurabh-apprication" failures="0" tests="25" name="com.github.vitalibo.brickgame.game.snake.MapTest" time="0.020" errors="0" timestamp="21 Mar 2024 06:09:31 GMT">
  <testcase classname="com.github.vitalibo.brickgame.game.snake.MapTest" name="testLoadingMap" time="0.001"/>
  <testcase classname="com.github.vitalibo.brickgame.game.snake.MapTest" name="testLoadingMap" time="0.000"/>
  <testcase classname="com.github.vitalibo.brickgame.game.snake.MapTest" name="testCrashOnBorder" time="0.001"/>
  <testcase classname="com.github.vitalibo.brickgame.game.snake.MapTest" name="testLoadingMap" time="0.001"/>
  <testcase classname="com.github.vitalibo.brickgame.game.snake.MapTest" name="testCrashOnBorder" time="0.001"/>
  <testcase classname="com.github.vitalibo.brickgame.game.snake.MapTest" name="testLoadingMap" time="0.000"/>
  <testcase classname="com.github.vitalibo.brickgame.game.snake.MapTest" name="testVerifyPassed" time="0.000"/>
  <testcase classname="com.github.vitalibo.brickgame.game.snake.MapTest" name="testLoadingMap" time="0.003"/>
  <testcase classname="com.github.vitalibo.brickgame.game.snake.MapTest" name="testLoadingMap" time="0.002"/>
  <testcase classname="com.github.vitalibo.brickgame.game.snake.MapTest" name="testCrashOnBorder" time="0.000"/>
  <testcase classname="com.github.vitalibo.brickgame.game.snake.MapTest" name="testVerifyPassed" time="0.000"/>
  <testcase classname="com.github.vitalibo.brickgame.game.snake.MapTest" name="testLoadingMap" time="0.001"/>
  <testcase classname="com.github.vitalibo.brickgame.game.snake.MapTest" name="testLoadingMap" time="0.000"/>
  <testcase classname="com.github.vitalibo.brickgame.game.snake.MapTest" name="testVerifyPassed" time="0.000"/>
  <testcase classname="com.github.vitalibo.brickgame.game.snake.MapTest" name="testLoadingMap" time="0.001"/>
  <testcase classname="com.github.vitalibo.brickgame.game.snake.MapTest" name="testLoadingMap" time="0.001"/>
  <testcase classname="com.github.vitalibo.brickgame.game.snake.MapTest" name="testLoadingMap" time="0.001"/>
  <testcase classname="com.github.vitalibo.brickgame.game.snake.MapTest" name="testLoadingMap" time="0.001"/>
  <testcase classname="com.github.vitalibo.brickgame.game.snake.MapTest" name="testLoadingMap" time="0.001"/>
  <testcase classname="com.github.vitalibo.brickgame.game.snake.MapTest" name="testCrashOnBorder" time="0.001"/>
  <testcase classname="com.github.vitalibo.brickgame.game.snake.MapTest" name="testLoadingMap" time="0.002"/>
  <testcase classname="com.github.vitalibo.brickgame.game.snake.MapTest" name="testUnmodifiableList" time="0.002"/>
  <testcase classname="com.github.vitalibo.brickgame.game.snake.MapTest" name="testLoadingMap" time="0.000"/>
  <testcase classname="com.github.vitalibo.brickgame.game.snake.MapTest" name="testLoadingMap" time="0.000"/>
  <testcase classname="com.github.vitalibo.brickgame.game.snake.MapTest" name="testVerifyPassed" time="0.000"/>
</testsuite> <!-- com.github.vitalibo.brickgame.game.snake.MapTest -->
