<?xml version="1.0" encoding="UTF-8"?>
<!-- Generated by org.testng.reporters.JUnitReportReporter -->
<testsuite hostname="saurabh-apprication" failures="0" tests="4" name="com.github.vitalibo.brickgame.core.ui.BrickTest" time="0.819" errors="0" timestamp="21 Mar 2024 06:09:31 GMT">
  <testcase classname="com.github.vitalibo.brickgame.core.ui.BrickTest" name="testPaintState" time="0.759"/>
  <testcase classname="com.github.vitalibo.brickgame.core.ui.BrickTest" name="testPaintState" time="0.056"/>
  <testcase classname="com.github.vitalibo.brickgame.core.ui.BrickTest" name="testNotRepaint" time="0.004"/>
  <testcase classname="com.github.vitalibo.brickgame.core.ui.BrickTest" name="testRepaint" time="0.000"/>
</testsuite> <!-- com.github.vitalibo.brickgame.core.ui.BrickTest -->
