<?xml version="1.0" encoding="UTF-8"?>
<!-- Generated by org.testng.reporters.JUnitReportReporter -->
<testsuite hostname="saurabh-apprication" failures="0" tests="14" name="com.github.vitalibo.brickgame.game.PointTest" time="0.002" errors="0" timestamp="21 Mar 2024 06:09:31 GMT">
  <testcase classname="com.github.vitalibo.brickgame.game.PointTest" name="testVerifyFailed" time="0.001"/>
  <testcase classname="com.github.vitalibo.brickgame.game.PointTest" name="testVerifyPassed" time="0.000"/>
  <testcase classname="com.github.vitalibo.brickgame.game.PointTest" name="testVerifyFailed" time="0.000"/>
  <testcase classname="com.github.vitalibo.brickgame.game.PointTest" name="testMoveRight" time="0.000"/>
  <testcase classname="com.github.vitalibo.brickgame.game.PointTest" name="testMoveUp" time="0.000"/>
  <testcase classname="com.github.vitalibo.brickgame.game.PointTest" name="testVerifyFailed" time="0.000"/>
  <testcase classname="com.github.vitalibo.brickgame.game.PointTest" name="testMoveRight" time="0.000"/>
  <testcase classname="com.github.vitalibo.brickgame.game.PointTest" name="testMoveDown" time="0.001"/>
  <testcase classname="com.github.vitalibo.brickgame.game.PointTest" name="testMoveUp" time="0.000"/>
  <testcase classname="com.github.vitalibo.brickgame.game.PointTest" name="testMoveDown" time="0.000"/>
  <testcase classname="com.github.vitalibo.brickgame.game.PointTest" name="testVerifyFailed" time="0.000"/>
  <testcase classname="com.github.vitalibo.brickgame.game.PointTest" name="testMoveLeft" time="0.000"/>
  <testcase classname="com.github.vitalibo.brickgame.game.PointTest" name="testVerifyPassed" time="0.000"/>
  <testcase classname="com.github.vitalibo.brickgame.game.PointTest" name="testMoveLeft" time="0.000"/>
</testsuite> <!-- com.github.vitalibo.brickgame.game.PointTest -->
