<?xml version="1.0" encoding="UTF-8"?>
<!-- Generated by org.testng.reporters.JUnitReportReporter -->
<testsuite hostname="saurabh-apprication" failures="0" tests="2" name="com.github.vitalibo.brickgame.core.JobTest" time="0.252" errors="0" timestamp="21 Mar 2024 06:09:31 GMT">
  <testcase classname="com.github.vitalibo.brickgame.core.JobTest" name="testKill" time="0.101"/>
  <testcase classname="com.github.vitalibo.brickgame.core.JobTest" name="testPause" time="0.151"/>
</testsuite> <!-- com.github.vitalibo.brickgame.core.JobTest -->
