<?xml version="1.0" encoding="UTF-8"?>
<!-- Generated by org.testng.reporters.JUnitReportReporter -->
<testsuite hostname="saurabh-apprication" failures="0" tests="7" name="com.github.vitalibo.brickgame.game.LifeTest" time="0.007" errors="0" timestamp="21 Mar 2024 06:09:31 GMT">
  <testcase classname="com.github.vitalibo.brickgame.game.LifeTest" name="testRepaint" time="0.004"/>
  <testcase classname="com.github.vitalibo.brickgame.game.LifeTest" name="testNotRepaint" time="0.001"/>
  <testcase classname="com.github.vitalibo.brickgame.game.LifeTest" name="testRepaint" time="0.001"/>
  <testcase classname="com.github.vitalibo.brickgame.game.LifeTest" name="cleanUp" time="0.000"/>
  <testcase classname="com.github.vitalibo.brickgame.game.LifeTest" name="testRepaint" time="0.000"/>
  <testcase classname="com.github.vitalibo.brickgame.game.LifeTest" name="testRepaint" time="0.001"/>
  <testcase classname="com.github.vitalibo.brickgame.game.LifeTest" name="testRepaint" time="0.000"/>
</testsuite> <!-- com.github.vitalibo.brickgame.game.LifeTest -->
