<?xml version="1.0" encoding="UTF-8"?>
<!-- Generated by org.testng.reporters.JUnitReportReporter -->
<testsuite hostname="saurabh-apprication" failures="0" tests="2" name="com.github.vitalibo.brickgame.util.BuilderTest" time="0.002" errors="0" timestamp="21 Mar 2024 06:09:31 GMT">
  <testcase classname="com.github.vitalibo.brickgame.util.BuilderTest" name="testMap" time="0.001"/>
  <testcase classname="com.github.vitalibo.brickgame.util.BuilderTest" name="testWith" time="0.001"/>
</testsuite> <!-- com.github.vitalibo.brickgame.util.BuilderTest -->
