<?xml version="1.0" encoding="UTF-8"?>
<!-- Generated by org.testng.reporters.JUnitReportReporter -->
<testsuite hostname="saurabh-apprication" failures="0" tests="4" name="com.github.vitalibo.brickgame.util.CanvasTranslatorTest" time="0.002" errors="0" timestamp="21 Mar 2024 06:09:31 GMT">
  <testcase classname="com.github.vitalibo.brickgame.util.CanvasTranslatorTest" name="testFromStream" time="0.002"/>
  <testcase classname="com.github.vitalibo.brickgame.util.CanvasTranslatorTest" name="testFromStream" time="0.000"/>
  <testcase classname="com.github.vitalibo.brickgame.util.CanvasTranslatorTest" name="testFrom" time="0.000"/>
  <testcase classname="com.github.vitalibo.brickgame.util.CanvasTranslatorTest" name="testFromStream" time="0.000"/>
</testsuite> <!-- com.github.vitalibo.brickgame.util.CanvasTranslatorTest -->
