<?xml version="1.0" encoding="UTF-8"?>
<!-- Generated by org.testng.reporters.JUnitReportReporter -->
<testsuite hostname="saurabh-apprication" failures="0" tests="1" name="com.github.vitalibo.brickgame.core.CountdownJobTest" time="0.100" errors="0" timestamp="21 Mar 2024 06:09:31 GMT">
  <testcase classname="com.github.vitalibo.brickgame.core.CountdownJobTest" name="testCountdown" time="0.100"/>
</testsuite> <!-- com.github.vitalibo.brickgame.core.CountdownJobTest -->
