<?xml version="1.0" encoding="UTF-8"?>
<!-- Generated by org.testng.reporters.JUnitReportReporter -->
<testsuite hostname="saurabh-apprication" failures="0" tests="6" name="com.github.vitalibo.brickgame.game.snake.SnakeTest" time="0.001" errors="0" timestamp="21 Mar 2024 06:09:31 GMT">
  <testcase classname="com.github.vitalibo.brickgame.game.snake.SnakeTest" name="testHead" time="0.000"/>
  <testcase classname="com.github.vitalibo.brickgame.game.snake.SnakeTest" name="testEatSelf" time="0.001"/>
  <testcase classname="com.github.vitalibo.brickgame.game.snake.SnakeTest" name="testVerifyPassed" time="0.000"/>
  <testcase classname="com.github.vitalibo.brickgame.game.snake.SnakeTest" name="testVerifyPassed" time="0.000"/>
  <testcase classname="com.github.vitalibo.brickgame.game.snake.SnakeTest" name="testEatSelf" time="0.000"/>
  <testcase classname="com.github.vitalibo.brickgame.game.snake.SnakeTest" name="testInit" time="0.000"/>
</testsuite> <!-- com.github.vitalibo.brickgame.game.snake.SnakeTest -->
