<?xml version="1.0" encoding="UTF-8"?>
<!-- Generated by org.testng.reporters.JUnitReportReporter -->
<testsuite hostname="saurabh-apprication" failures="0" tests="13" name="com.github.vitalibo.brickgame.core.ControllerTest" time="0.927" errors="0" timestamp="21 Mar 2024 06:09:31 GMT">
  <testcase classname="com.github.vitalibo.brickgame.core.ControllerTest" name="testChangeSound" time="0.002"/>
  <testcase classname="com.github.vitalibo.brickgame.core.ControllerTest" name="testDelegateKeyPressed" time="0.001"/>
  <testcase classname="com.github.vitalibo.brickgame.core.ControllerTest" name="testNotDelegateKeyPressed" time="0.000"/>
  <testcase classname="com.github.vitalibo.brickgame.core.ControllerTest" name="testDelegateKeyPressed" time="0.002"/>
  <testcase classname="com.github.vitalibo.brickgame.core.ControllerTest" name="testDelegateKeyPressed" time="0.002"/>
  <testcase classname="com.github.vitalibo.brickgame.core.ControllerTest" name="testDelegateKeyPressed" time="0.911"/>
  <testcase classname="com.github.vitalibo.brickgame.core.ControllerTest" name="testNotDelegateKeyPressed" time="0.000"/>
  <testcase classname="com.github.vitalibo.brickgame.core.ControllerTest" name="testReset" time="0.003"/>
  <testcase classname="com.github.vitalibo.brickgame.core.ControllerTest" name="testNotDelegateKeyPressed" time="0.001"/>
  <testcase classname="com.github.vitalibo.brickgame.core.ControllerTest" name="testNotDelegateKeyPressed" time="0.001"/>
  <testcase classname="com.github.vitalibo.brickgame.core.ControllerTest" name="testDelegateKeyPressed" time="0.001"/>
  <testcase classname="com.github.vitalibo.brickgame.core.ControllerTest" name="testNotDelegateKeyPressed" time="0.002"/>
  <testcase classname="com.github.vitalibo.brickgame.core.ControllerTest" name="testChangePause" time="0.001"/>
</testsuite> <!-- com.github.vitalibo.brickgame.core.ControllerTest -->
