<?xml version="1.0" encoding="UTF-8"?>
<!-- Generated by org.testng.reporters.JUnitReportReporter -->
<testsuite hostname="saurabh-apprication" failures="0" tests="5" name="com.github.vitalibo.brickgame.game.race.CarTest" time="0.003" errors="0" timestamp="21 Mar 2024 06:09:31 GMT">
  <testcase classname="com.github.vitalibo.brickgame.game.race.CarTest" name="testCarCrashed" time="0.001"/>
  <testcase classname="com.github.vitalibo.brickgame.game.race.CarTest" name="testDown" time="0.001"/>
  <testcase classname="com.github.vitalibo.brickgame.game.race.CarTest" name="testLeft" time="0.001"/>
  <testcase classname="com.github.vitalibo.brickgame.game.race.CarTest" name="testVerifyPassed" time="0.000"/>
  <testcase classname="com.github.vitalibo.brickgame.game.race.CarTest" name="testRight" time="0.000"/>
</testsuite> <!-- com.github.vitalibo.brickgame.game.race.CarTest -->
