<?xml version="1.0" encoding="UTF-8"?>
<!-- Generated by org.testng.reporters.JUnitReportReporter -->
<testsuite hostname="saurabh-apprication" failures="0" tests="2" name="com.github.vitalibo.brickgame.util.BooleanCollectorTest" time="0.001" errors="0" timestamp="21 Mar 2024 06:09:31 GMT">
  <testcase classname="com.github.vitalibo.brickgame.util.BooleanCollectorTest" name="testToArray" time="0.000"/>
  <testcase classname="com.github.vitalibo.brickgame.util.BooleanCollectorTest" name="testToTwoDimensionalArray" time="0.001"/>
</testsuite> <!-- com.github.vitalibo.brickgame.util.BooleanCollectorTest -->
