<?xml version="1.0" encoding="UTF-8"?>
<!-- Generated by org.testng.reporters.JUnitReportReporter -->
<testsuite hostname="saurabh-apprication" failures="0" tests="51" name="com.github.vitalibo.brickgame.core.ui.BrickPanelTest" time="0.322" errors="0" timestamp="21 Mar 2024 06:09:31 GMT">
  <testcase classname="com.github.vitalibo.brickgame.core.ui.BrickPanelTest" name="testBrickSize" time="0.002"/>
  <testcase classname="com.github.vitalibo.brickgame.core.ui.BrickPanelTest" name="testDraw" time="0.001"/>
  <testcase classname="com.github.vitalibo.brickgame.core.ui.BrickPanelTest" name="testDraw" time="0.000"/>
  <testcase classname="com.github.vitalibo.brickgame.core.ui.BrickPanelTest" name="testDraw" time="0.001"/>
  <testcase classname="com.github.vitalibo.brickgame.core.ui.BrickPanelTest" name="testDraw" time="0.001"/>
  <testcase classname="com.github.vitalibo.brickgame.core.ui.BrickPanelTest" name="testDraw" time="0.000"/>
  <testcase classname="com.github.vitalibo.brickgame.core.ui.BrickPanelTest" name="testDraw" time="0.002"/>
  <testcase classname="com.github.vitalibo.brickgame.core.ui.BrickPanelTest" name="testDraw" time="0.003"/>
  <testcase classname="com.github.vitalibo.brickgame.core.ui.BrickPanelTest" name="testDraw" time="0.002"/>
  <testcase classname="com.github.vitalibo.brickgame.core.ui.BrickPanelTest" name="testDraw" time="0.000"/>
  <testcase classname="com.github.vitalibo.brickgame.core.ui.BrickPanelTest" name="testDraw" time="0.002"/>
  <testcase classname="com.github.vitalibo.brickgame.core.ui.BrickPanelTest" name="testDraw" time="0.001"/>
  <testcase classname="com.github.vitalibo.brickgame.core.ui.BrickPanelTest" name="testDraw" time="0.002"/>
  <testcase classname="com.github.vitalibo.brickgame.core.ui.BrickPanelTest" name="testDraw" time="0.001"/>
  <testcase classname="com.github.vitalibo.brickgame.core.ui.BrickPanelTest" name="testDraw" time="0.002"/>
  <testcase classname="com.github.vitalibo.brickgame.core.ui.BrickPanelTest" name="testDraw" time="0.002"/>
  <testcase classname="com.github.vitalibo.brickgame.core.ui.BrickPanelTest" name="testDraw" time="0.001"/>
  <testcase classname="com.github.vitalibo.brickgame.core.ui.BrickPanelTest" name="testDraw" time="0.001"/>
  <testcase classname="com.github.vitalibo.brickgame.core.ui.BrickPanelTest" name="testDraw" time="0.002"/>
  <testcase classname="com.github.vitalibo.brickgame.core.ui.BrickPanelTest" name="testDraw" time="0.001"/>
  <testcase classname="com.github.vitalibo.brickgame.core.ui.BrickPanelTest" name="testDraw" time="0.001"/>
  <testcase classname="com.github.vitalibo.brickgame.core.ui.BrickPanelTest" name="testDraw" time="0.001"/>
  <testcase classname="com.github.vitalibo.brickgame.core.ui.BrickPanelTest" name="testDraw" time="0.000"/>
  <testcase classname="com.github.vitalibo.brickgame.core.ui.BrickPanelTest" name="testDraw" time="0.001"/>
  <testcase classname="com.github.vitalibo.brickgame.core.ui.BrickPanelTest" name="testDraw" time="0.001"/>
  <testcase classname="com.github.vitalibo.brickgame.core.ui.BrickPanelTest" name="testDraw" time="0.002"/>
  <testcase classname="com.github.vitalibo.brickgame.core.ui.BrickPanelTest" name="testDraw" time="0.001"/>
  <testcase classname="com.github.vitalibo.brickgame.core.ui.BrickPanelTest" name="testDraw" time="0.255"/>
  <testcase classname="com.github.vitalibo.brickgame.core.ui.BrickPanelTest" name="testDraw" time="0.001"/>
  <testcase classname="com.github.vitalibo.brickgame.core.ui.BrickPanelTest" name="testDraw" time="0.002"/>
  <testcase classname="com.github.vitalibo.brickgame.core.ui.BrickPanelTest" name="testDraw" time="0.001"/>
  <testcase classname="com.github.vitalibo.brickgame.core.ui.BrickPanelTest" name="testDraw" time="0.001"/>
  <testcase classname="com.github.vitalibo.brickgame.core.ui.BrickPanelTest" name="testDraw" time="0.002"/>
  <testcase classname="com.github.vitalibo.brickgame.core.ui.BrickPanelTest" name="testDraw" time="0.000"/>
  <testcase classname="com.github.vitalibo.brickgame.core.ui.BrickPanelTest" name="testDraw" time="0.001"/>
  <testcase classname="com.github.vitalibo.brickgame.core.ui.BrickPanelTest" name="testDraw" time="0.001"/>
  <testcase classname="com.github.vitalibo.brickgame.core.ui.BrickPanelTest" name="testDraw" time="0.001"/>
  <testcase classname="com.github.vitalibo.brickgame.core.ui.BrickPanelTest" name="testDraw" time="0.002"/>
  <testcase classname="com.github.vitalibo.brickgame.core.ui.BrickPanelTest" name="testDraw" time="0.001"/>
  <testcase classname="com.github.vitalibo.brickgame.core.ui.BrickPanelTest" name="testDraw" time="0.001"/>
  <testcase classname="com.github.vitalibo.brickgame.core.ui.BrickPanelTest" name="testDraw" time="0.002"/>
  <testcase classname="com.github.vitalibo.brickgame.core.ui.BrickPanelTest" name="testDraw" time="0.005"/>
  <testcase classname="com.github.vitalibo.brickgame.core.ui.BrickPanelTest" name="testDraw" time="0.001"/>
  <testcase classname="com.github.vitalibo.brickgame.core.ui.BrickPanelTest" name="testDraw" time="0.001"/>
  <testcase classname="com.github.vitalibo.brickgame.core.ui.BrickPanelTest" name="testDraw" time="0.002"/>
  <testcase classname="com.github.vitalibo.brickgame.core.ui.BrickPanelTest" name="testDraw" time="0.001"/>
  <testcase classname="com.github.vitalibo.brickgame.core.ui.BrickPanelTest" name="testDraw" time="0.001"/>
  <testcase classname="com.github.vitalibo.brickgame.core.ui.BrickPanelTest" name="testDraw" time="0.001"/>
  <testcase classname="com.github.vitalibo.brickgame.core.ui.BrickPanelTest" name="testDraw" time="0.003"/>
  <testcase classname="com.github.vitalibo.brickgame.core.ui.BrickPanelTest" name="testDraw" time="0.001"/>
  <testcase classname="com.github.vitalibo.brickgame.core.ui.BrickPanelTest" name="testDraw" time="0.001"/>
</testsuite> <!-- com.github.vitalibo.brickgame.core.ui.BrickPanelTest -->
