<?xml version="1.0" encoding="UTF-8"?>
<!-- Generated by org.testng.reporters.JUnitReportReporter -->
<testsuite hostname="saurabh-apprication" failures="0" tests="23" name="com.github.vitalibo.brickgame.core.ui.DigitTest" time="0.302" errors="0" timestamp="21 Mar 2024 06:09:31 GMT">
  <testcase classname="com.github.vitalibo.brickgame.core.ui.DigitTest" name="testRepaint" time="0.000"/>
  <testcase classname="com.github.vitalibo.brickgame.core.ui.DigitTest" name="testSetIllegalValue" time="0.001"/>
  <testcase classname="com.github.vitalibo.brickgame.core.ui.DigitTest" name="testPaintDigit" time="0.001"/>
  <testcase classname="com.github.vitalibo.brickgame.core.ui.DigitTest" name="testRepaint" time="0.000"/>
  <testcase classname="com.github.vitalibo.brickgame.core.ui.DigitTest" name="testPaintDigit" time="0.000"/>
  <testcase classname="com.github.vitalibo.brickgame.core.ui.DigitTest" name="testRepaint" time="0.000"/>
  <testcase classname="com.github.vitalibo.brickgame.core.ui.DigitTest" name="testPaintDigit" time="0.001"/>
  <testcase classname="com.github.vitalibo.brickgame.core.ui.DigitTest" name="testPaintDigit" time="0.000"/>
  <testcase classname="com.github.vitalibo.brickgame.core.ui.DigitTest" name="testPaintDigit" time="0.000"/>
  <testcase classname="com.github.vitalibo.brickgame.core.ui.DigitTest" name="testRepaint" time="0.000"/>
  <testcase classname="com.github.vitalibo.brickgame.core.ui.DigitTest" name="testRepaint" time="0.000"/>
  <testcase classname="com.github.vitalibo.brickgame.core.ui.DigitTest" name="testRepaint" time="0.000"/>
  <testcase classname="com.github.vitalibo.brickgame.core.ui.DigitTest" name="testPaintDigit" time="0.000"/>
  <testcase classname="com.github.vitalibo.brickgame.core.ui.DigitTest" name="testSetIllegalValue" time="0.000"/>
  <testcase classname="com.github.vitalibo.brickgame.core.ui.DigitTest" name="testPaintDigit" time="0.001"/>
  <testcase classname="com.github.vitalibo.brickgame.core.ui.DigitTest" name="testRepaint" time="0.001"/>
  <testcase classname="com.github.vitalibo.brickgame.core.ui.DigitTest" name="testPaintDigit" time="0.001"/>
  <testcase classname="com.github.vitalibo.brickgame.core.ui.DigitTest" name="testNotRepaint" time="0.000"/>
  <testcase classname="com.github.vitalibo.brickgame.core.ui.DigitTest" name="testRepaint" time="0.000"/>
  <testcase classname="com.github.vitalibo.brickgame.core.ui.DigitTest" name="testRepaint" time="0.002"/>
  <testcase classname="com.github.vitalibo.brickgame.core.ui.DigitTest" name="testRepaint" time="0.000"/>
  <testcase classname="com.github.vitalibo.brickgame.core.ui.DigitTest" name="testPaintDigit" time="0.065"/>
  <testcase classname="com.github.vitalibo.brickgame.core.ui.DigitTest" name="testPaintDigit" time="0.229"/>
</testsuite> <!-- com.github.vitalibo.brickgame.core.ui.DigitTest -->
